<?xml version="1.0" encoding="UTF-8"?>
<!-- Generated by org.testng.reporters.JUnitReportReporter -->
<testsuite skipped="0" hostname="CGSCLXI54290887" name="practise.google" tests="2" failures="0" timestamp="2020-03-27T22:34:26 IST" time="20.290" errors="0">
  <testcase name="googleTitle" time="8.308" classname="practise.google"/>
  <system-out/>
  <testcase name="googleGmail" time="11.982" classname="practise.google"/>
  <system-out/>
</testsuite> <!-- practise.google -->
