<?xml version="1.0" encoding="UTF-8"?>
<!-- Generated by org.testng.reporters.JUnitReportReporter -->
<testsuite skipped="0" hostname="CGSCLXI54290887" name="practise.Demo1" tests="1" failures="0" timestamp="2020-04-04T12:53:43 IST" time="0.045" errors="0">
  <testcase name="demo1" time="0.045" classname="practise.Demo1"/>
  <system-out/>
</testsuite> <!-- practise.Demo1 -->
