<?xml version="1.0" encoding="UTF-8"?>
<!-- Generated by org.testng.reporters.JUnitReportReporter -->
<testsuite skipped="0" hostname="CGSCLXI54290887" name="practise.DataProvider" tests="4" failures="0" timestamp="2020-03-26T14:22:21 IST" time="0.026" errors="0">
  <testcase name="MobileLogin" time="0.016" classname="practise.DataProvider"/>
  <system-out/>
  <testcase name="MobileLogin" time="0.003" classname="practise.DataProvider"/>
  <system-out/>
  <testcase name="MobileLogin" time="0.003" classname="practise.DataProvider"/>
  <system-out/>
  <testcase name="DesktopLogin" time="0.004" classname="practise.DataProvider"/>
  <system-out/>
</testsuite> <!-- practise.DataProvider -->
