<?xml version="1.0" encoding="UTF-8"?>
<!-- Generated by org.testng.reporters.JUnitReportReporter -->
<testsuite skipped="0" hostname="CGSCLXI54290887" name="practise.Logout" tests="2" failures="0" timestamp="2020-04-04T12:53:43 IST" time="0.022" errors="0">
  <testcase name="DesktopLogout" time="0.006" classname="practise.Logout"/>
  <system-out/>
  <testcase name="MobileLogout" time="0.016" classname="practise.Logout"/>
  <system-out/>
</testsuite> <!-- practise.Logout -->
